#
# A fatal error has been detected by the Java Runtime Environment:
#
#  EXCEPTION_ACCESS_VIOLATION (0xc0000005) at pc=0x00007ff8d738447d, pid=10840, tid=11220
#
# JRE version: OpenJDK Runtime Environment Temurin-21.0.10+7 (21.0.10+7) (build 21.0.10+7-LTS)
# Java VM: OpenJDK 64-Bit Server VM Temurin-21.0.10+7 (21.0.10+7-LTS, mixed mode, sharing, tiered, compressed oops, compressed class ptrs, parallel gc, windows-amd64)
# Problematic frame:
# V  [jvm.dll+0x6b447d]
#
# No core dump will be written. Minidumps are not enabled by default on client versions of Windows
#
# If you would like to submit a bug report, please visit:
#   https://github.com/adoptium/adoptium-support/issues
#

---------------  S U M M A R Y ------------

Command Line: --add-modules=ALL-SYSTEM --add-opens=java.base/java.util=ALL-UNNAMED --add-opens=java.base/java.lang=ALL-UNNAMED --add-opens=java.base/sun.nio.fs=ALL-UNNAMED -Declipse.application=org.eclipse.jdt.ls.core.id1 -Dosgi.bundles.defaultStartLevel=4 -Declipse.product=org.eclipse.jdt.ls.core.product -Djava.import.generatesMetadataFilesAtProjectRoot=false -DDetectVMInstallationsJob.disabled=true -Dfile.encoding=utf8 -XX:+UseParallelGC -XX:GCTimeRatio=4 -XX:AdaptiveSizePolicyWeight=90 -Dsun.zip.disableMemoryMapping=true -Xmx2G -Xms100m -Xlog:disable -javaagent:c:\Users\Mateus\.vscode\extensions\redhat.java-1.53.0-win32-x64\lombok\lombok-1.18.39-4050.jar -XX:+HeapDumpOnOutOfMemoryError -XX:HeapDumpPath=c:\Users\Mateus\AppData\Roaming\Code\User\workspaceStorage\21eab87e705ca807c8202dc0d9293a93\redhat.java -Daether.dependencyCollector.impl=bf c:\Users\Mateus\.vscode\extensions\redhat.java-1.53.0-win32-x64\server\plugins\org.eclipse.equinox.launcher_1.7.100.v20251111-0406.jar -configuration c:\Users\Mateus\AppData\Roaming\Code\User\globalStorage\redhat.java\1.53.0\config_win -data c:\Users\Mateus\AppData\Roaming\Code\User\workspaceStorage\21eab87e705ca807c8202dc0d9293a93\redhat.java\jdt_ws --pipe=\\.\pipe\lsp-c807f61beb086dbed61233a13b8b7e42-sock

Host: Intel(R) Core(TM) i5-4460  CPU @ 3.20GHz, 4 cores, 15G,  Windows 10 , 64 bit Build 19041 (10.0.19041.5915)
Time: Fri Mar 13 02:07:40 2026 Hora oficial do Brasil elapsed time: 16.509146 seconds (0d 0h 0m 16s)

---------------  T H R E A D  ---------------

Current thread (0x000001ebf3bb43e0):  JavaThread "C2 CompilerThread1" daemon [_thread_in_native, id=11220, stack(0x0000009259f00000,0x000000925a000000) (1024K)]


Current CompileTask:
C2:16509 6842   !   4       com.google.inject.spi.InjectionPoint::getInjectionPoints (489 bytes)

Stack: [0x0000009259f00000,0x000000925a000000],  sp=0x0000009259ffbaf0,  free space=1006k
Native frames: (J=compiled Java code, j=interpreted, Vv=VM code, C=native code)
V  [jvm.dll+0x6b447d]
V  [jvm.dll+0x6a22c8]
V  [jvm.dll+0x5ecdb2]
V  [jvm.dll+0x5ed690]
V  [jvm.dll+0x5ecc0e]
V  [jvm.dll+0x5ecc21]
V  [jvm.dll+0x5fefd3]
V  [jvm.dll+0x255b17]
V  [jvm.dll+0x24e12a]
V  [jvm.dll+0x24ba42]
V  [jvm.dll+0x1cb34e]
V  [jvm.dll+0x25b85d]
V  [jvm.dll+0x259dea]
V  [jvm.dll+0x3f857e]
V  [jvm.dll+0x85f59d]
V  [jvm.dll+0x6d626d]
C  [ucrtbase.dll+0x21bb2]
C  [KERNEL32.DLL+0x17374]
C  [ntdll.dll+0x4cc91]


siginfo: EXCEPTION_ACCESS_VIOLATION (0xc0000005), reading address 0xffffffffffffffff


Registers:
RAX=0x000001ebf10002f8, RBX=0x0000000000000000, RCX=0x000f090000040410, RDX=0x0000000000000000
RSP=0x0000009259ffbaf0, RBP=0x0000000000000000, RSI=0x000001ebf0fffeb0, RDI=0x000f090000040410
R8 =0x000001ebf0ffff08, R9 =0x0000000000000020, R10=0x000001ebf0ffff18, R11=0x00000000000000a8
R12=0x000001ebf0743f10, R13=0x000001ebf2ae6c88, R14=0x0000009259ffc200, R15=0x0000009259ffbd20
RIP=0x00007ff8d738447d, EFLAGS=0x0000000000010202

XMM[0]=0x0000000000000000 0x000000003ef4d36a
XMM[1]=0x0000000000000000 0x0000000000000000
XMM[2]=0x0000000000000000 0x0000000000000000
XMM[3]=0x0000000000000000 0x000000003f893e9e
XMM[4]=0x0000000000000000 0x0000000000000000
XMM[5]=0x0000000000000000 0x0000000000000000
XMM[6]=0x0000000000000000 0x000000003f800000
XMM[7]=0x0000000000000000 0x000000003f893e9e
XMM[8]=0x0000000000000000 0x000000003f893e9e
XMM[9]=0x0000000000000000 0x0000000000000000
XMM[10]=0x0000000000000000 0x0000000000000000
XMM[11]=0x0000000000000000 0x0000000000000000
XMM[12]=0x0000000000000000 0x0000000000000000
XMM[13]=0x0000000000000000 0x0000000000000000
XMM[14]=0x0000000000000000 0x0000000000000000
XMM[15]=0x0000000000000000 0x0000000000000000
  MXCSR=0x00001fa0


Register to memory mapping:

RAX=0x000001ebf10002f8 points into unknown readable memory: 0x000001ebf1000318 | 18 03 00 f1 eb 01 00 00
RBX=0x0 is null
RCX=0x000f090000040410 is an unknown value
RDX=0x0 is null
RSP=0x0000009259ffbaf0 is pointing into the stack for thread: 0x000001ebf3bb43e0
RBP=0x0 is null
RSI=0x000001ebf0fffeb0 points into unknown readable memory: 0x00007ff8d76c3550 | 50 35 6c d7 f8 7f 00 00
RDI=0x000f090000040410 is an unknown value
R8 =0x000001ebf0ffff08 points into unknown readable memory: 0x000001ebf0fffc80 | 80 fc ff f0 eb 01 00 00
R9 =0x0000000000000020 is an unknown value
R10=0x000001ebf0ffff18 points into unknown readable memory: 0x00007ff8d76c3620 | 20 36 6c d7 f8 7f 00 00
R11=0x00000000000000a8 is an unknown value
R12=0x000001ebf0743f10 points into unknown readable memory: 0x00007ff8d76c3550 | 50 35 6c d7 f8 7f 00 00
R13=0x000001ebf2ae6c88 points into unknown readable memory: 0x000001ebf02a4c38 | 38 4c 2a f0 eb 01 00 00
R14=0x0000009259ffc200 is pointing into the stack for thread: 0x000001ebf3bb43e0
R15=0x0000009259ffbd20 is pointing into the stack for thread: 0x000001ebf3bb43e0

Top of Stack: (sp=0x0000009259ffbaf0)
0x0000009259ffbaf0:   0000000000000000 0000000000000000
0x0000009259ffbb00:   000000003f893e9e 0000000000000000
0x0000009259ffbb10:   0000000000000000 00007ff8d73722c8
0x0000009259ffbb20:   000001ebf0fffeb0 0000000000000005
0x0000009259ffbb30:   0000000000000000 0000009259ffc200
0x0000009259ffbb40:   0000009259ffbcd8 00007ff8d72bcdb2
0x0000009259ffbb50:   000001ebf0ffff18 000000000000007d
0x0000009259ffbb60:   0000000000000101 0000009259ffbcd8
0x0000009259ffbb70:   0000000000000000 0000000000000000
0x0000009259ffbb80:   0000000000000000 0000000000000000
0x0000009259ffbb90:   0000000000000020 0000000000000000
0x0000009259ffbba0:   000001ebf2ae6c88 0000000000000003
0x0000009259ffbbb0:   0000009259ffc200 00007ff8d72bd690
0x0000009259ffbbc0:   0000000000000070 0000009259ffbcc0
0x0000009259ffbbd0:   0000000000000001 000001ebf2668a98
0x0000009259ffbbe0:   0000009259ffbc70 0000009259ffbcd8
0x0000009259ffbbf0:   0000009259ffbd20 0000009259ffbc50
0x0000009259ffbc00:   000001ebf0744000 000001ebf2629208
0x0000009259ffbc10:   000001ebf3d7ab50 000001eb00000020
0x0000009259ffbc20:   000001ebf26f1c38 000001eb00000000
0x0000009259ffbc30:   000001ebf3d7ab50 000001eb00000020
0x0000009259ffbc40:   000001ebf26f1d38 000001eb00000008
0x0000009259ffbc50:   000001ebf3d7ab50 000001eb00000004
0x0000009259ffbc60:   000001ebf32e77d8 000001eb00000002
0x0000009259ffbc70:   000001ebf0744000 000001ebf13db420
0x0000009259ffbc80:   000001ebf13db530 000001ebf13db430
0x0000009259ffbc90:   000001ebf3d7ab50 0000000400000000
0x0000009259ffbca0:   000001ebf061d9e0 0000000000000000
0x0000009259ffbcb0:   0000400000002056 000001ebf3c00d60
0x0000009259ffbcc0:   0000000000000000 0000009259ffc200
0x0000009259ffbcd0:   000001ebf3d7ab50 000001ebf32e7790
0x0000009259ffbce0:   000001ebf32e77d0 000001ebf32e7790 

Instructions: (pc=0x00007ff8d738447d)
0x00007ff8d738437d:   24 30 48 83 c4 20 5f c3 48 83 7b 10 00 75 08 48
0x00007ff8d738438d:   c7 43 10 ff ff ff ff 48 8b 5c 24 30 48 83 c4 20
0x00007ff8d738439d:   5f c3 cc 8b 41 2c 83 e0 1f 3c 14 75 2d 66 0f 1f
0x00007ff8d73843ad:   44 00 00 83 79 18 02 75 21 8b 41 2c 83 e0 1f 3c
0x00007ff8d73843bd:   14 75 17 84 d2 74 06 83 79 40 00 75 0d 48 8b 41
0x00007ff8d73843cd:   08 48 8b 48 08 48 85 c9 75 d9 48 8b c1 c3 cc cc
0x00007ff8d73843dd:   cc cc cc 48 89 5c 24 08 48 89 6c 24 10 48 89 74
0x00007ff8d73843ed:   24 18 57 48 83 ec 20 33 ed 33 db 48 8b f1 39 59
0x00007ff8d73843fd:   20 76 29 48 8b 46 10 48 8b 3c d8 48 8b cf 48 8b
0x00007ff8d738440d:   07 ff 50 10 84 c0 74 0d 48 3b fe 74 08 48 85 ed
0x00007ff8d738441d:   75 22 48 8b ef ff c3 3b 5e 20 72 d7 48 8b c5 48
0x00007ff8d738442d:   8b 5c 24 30 48 8b 6c 24 38 48 8b 74 24 40 48 83
0x00007ff8d738443d:   c4 20 5f c3 33 c0 eb e7 cc cc cc cc cc cc cc cc
0x00007ff8d738444d:   cc cc cc 48 89 5c 24 08 48 89 6c 24 10 48 89 74
0x00007ff8d738445d:   24 18 57 48 83 ec 20 33 ed 48 8b f1 8b dd 39 59
0x00007ff8d738446d:   20 76 2b 48 8b 46 10 8b d3 48 8b 3c d0 48 8b cf
0x00007ff8d738447d:   48 8b 07 ff 50 10 84 c0 74 0d 48 3b fe 74 08 48
0x00007ff8d738448d:   85 ed 75 22 48 8b ef ff c3 3b 5e 20 72 d5 48 8b
0x00007ff8d738449d:   c5 48 8b 5c 24 30 48 8b 6c 24 38 48 8b 74 24 40
0x00007ff8d73844ad:   48 83 c4 20 5f c3 33 c0 eb e7 cc cc cc cc cc cc
0x00007ff8d73844bd:   cc cc cc 44 8b 41 18 33 c0 4c 8b d9 45 85 c0 74
0x00007ff8d73844cd:   2a 48 8b 49 10 48 39 14 c1 4c 8d 0c c1 74 08 ff
0x00007ff8d73844dd:   c0 41 3b c0 72 ef c3 41 3b c0 73 0f 41 8d 40 ff
0x00007ff8d73844ed:   41 89 43 18 48 8b 0c c1 49 89 09 c3 cc cc cc cc
0x00007ff8d73844fd:   cc cc cc b8 02 00 00 00 f0 0f c1 05 c3 a9 60 00
0x00007ff8d738450d:   83 c0 02 89 01 48 8b 05 af a9 60 00 48 89 41 08
0x00007ff8d738451d:   48 8b c1 c3 cc cc cc cc cc cc cc cc cc cc cc cc
0x00007ff8d738452d:   cc cc cc 40 53 48 83 ec 20 48 8b d9 e8 f2 aa 1a
0x00007ff8d738453d:   00 33 c9 c7 83 90 03 00 00 ff ff ff ff 48 8d 05
0x00007ff8d738454d:   af 77 3d 00 48 89 8b 80 03 00 00 48 89 03 48 8d
0x00007ff8d738455d:   05 76 78 3d 00 48 89 03 48 8b c3 48 89 8b 78 03
0x00007ff8d738456d:   00 00 48 89 8b 88 03 00 00 48 83 c4 20 5b c3 cc 


Stack slot to memory mapping:

stack at sp + 0 slots: 0x0 is null
stack at sp + 1 slots: 0x0 is null
stack at sp + 2 slots: 0x000000003f893e9e is an unknown value
stack at sp + 3 slots: 0x0 is null
stack at sp + 4 slots: 0x0 is null
stack at sp + 5 slots: 0x00007ff8d73722c8 jvm.dll
stack at sp + 6 slots: 0x000001ebf0fffeb0 points into unknown readable memory: 0x00007ff8d76c3550 | 50 35 6c d7 f8 7f 00 00
stack at sp + 7 slots: 0x0000000000000005 is an unknown value


---------------  P R O C E S S  ---------------

Threads class SMR info:
_java_thread_list=0x000001ebf3632430, length=37, elements={
0x000001eb938c2be0, 0x000001ebaa2af000, 0x000001ebaa2b0650, 0x000001ebaa2b52d0,
0x000001ebaa2b5f30, 0x000001ebaa2b6b90, 0x000001ebaa2b9600, 0x000001ebaa2bae30,
0x000001ebaa3291a0, 0x000001ebf014e3b0, 0x000001ebf026d8e0, 0x000001ebf0594a00,
0x000001ebf086eae0, 0x000001ebf09289e0, 0x000001ebf0929420, 0x000001ebf10a7e60,
0x000001ebf140b800, 0x000001ebf12faf50, 0x000001ebf1414bf0, 0x000001ebf1414560,
0x000001ebf1413ed0, 0x000001ebf1416cc0, 0x000001ebf1416630, 0x000001ebf1417350,
0x000001ebf1415910, 0x000001ebf1415fa0, 0x000001ebf274eb50, 0x000001ebf2750590,
0x000001ebf2752cf0, 0x000001ebf274d110, 0x000001ebf2751fd0, 0x000001ebf274d7a0,
0x000001ebf27512b0, 0x000001ebf2752660, 0x000001ebf27540a0, 0x000001ebf2750c20,
0x000001ebf3bb43e0
}

Java Threads: ( => current thread )
  0x000001eb938c2be0 JavaThread "main"                              [_thread_blocked, id=13940, stack(0x0000009258400000,0x0000009258500000) (1024K)]
  0x000001ebaa2af000 JavaThread "Reference Handler"          daemon [_thread_blocked, id=2804, stack(0x0000009258800000,0x0000009258900000) (1024K)]
  0x000001ebaa2b0650 JavaThread "Finalizer"                  daemon [_thread_blocked, id=4836, stack(0x0000009258900000,0x0000009258a00000) (1024K)]
  0x000001ebaa2b52d0 JavaThread "Signal Dispatcher"          daemon [_thread_blocked, id=11216, stack(0x0000009258a00000,0x0000009258b00000) (1024K)]
  0x000001ebaa2b5f30 JavaThread "Attach Listener"            daemon [_thread_blocked, id=9796, stack(0x0000009258b00000,0x0000009258c00000) (1024K)]
  0x000001ebaa2b6b90 JavaThread "Service Thread"             daemon [_thread_blocked, id=3868, stack(0x0000009258c00000,0x0000009258d00000) (1024K)]
  0x000001ebaa2b9600 JavaThread "Monitor Deflation Thread"   daemon [_thread_blocked, id=568, stack(0x0000009258d00000,0x0000009258e00000) (1024K)]
  0x000001ebaa2bae30 JavaThread "C2 CompilerThread0"         daemon [_thread_in_native, id=13808, stack(0x0000009258e00000,0x0000009258f00000) (1024K)]
  0x000001ebaa3291a0 JavaThread "C1 CompilerThread0"         daemon [_thread_in_vm, id=2880, stack(0x0000009258f00000,0x0000009259000000) (1024K)]
  0x000001ebf014e3b0 JavaThread "Common-Cleaner"             daemon [_thread_blocked, id=5424, stack(0x0000009259000000,0x0000009259100000) (1024K)]
  0x000001ebf026d8e0 JavaThread "Notification Thread"        daemon [_thread_blocked, id=10084, stack(0x0000009259100000,0x0000009259200000) (1024K)]
  0x000001ebf0594a00 JavaThread "Active Thread: Equinox Container: 057352fc-a9be-47b8-be3c-7870d626154f"        [_thread_blocked, id=6208, stack(0x0000009259600000,0x0000009259700000) (1024K)]
  0x000001ebf086eae0 JavaThread "Refresh Thread: Equinox Container: 057352fc-a9be-47b8-be3c-7870d626154f" daemon [_thread_blocked, id=11668, stack(0x0000009259200000,0x0000009259300000) (1024K)]
  0x000001ebf09289e0 JavaThread "Framework Event Dispatcher: Equinox Container: 057352fc-a9be-47b8-be3c-7870d626154f" daemon [_thread_blocked, id=5692, stack(0x0000009259700000,0x0000009259800000) (1024K)]
  0x000001ebf0929420 JavaThread "Start Level: Equinox Container: 057352fc-a9be-47b8-be3c-7870d626154f" daemon [_thread_blocked, id=13632, stack(0x0000009259800000,0x0000009259900000) (1024K)]
  0x000001ebf10a7e60 JavaThread "Bundle File Closer"         daemon [_thread_blocked, id=2228, stack(0x0000009259a00000,0x0000009259b00000) (1024K)]
  0x000001ebf140b800 JavaThread "SCR Component Actor"        daemon [_thread_blocked, id=13812, stack(0x0000009259900000,0x0000009259a00000) (1024K)]
  0x000001ebf12faf50 JavaThread "Worker-JM"                         [_thread_blocked, id=13224, stack(0x0000009259c00000,0x0000009259d00000) (1024K)]
  0x000001ebf1414bf0 JavaThread "JNA Cleaner"                daemon [_thread_blocked, id=8968, stack(0x0000009259b00000,0x0000009259c00000) (1024K)]
  0x000001ebf1414560 JavaThread "Worker-0"                          [_thread_blocked, id=10676, stack(0x0000009259d00000,0x0000009259e00000) (1024K)]
  0x000001ebf1413ed0 JavaThread "Worker-1"                          [_thread_blocked, id=12924, stack(0x0000009259e00000,0x0000009259f00000) (1024K)]
  0x000001ebf1416cc0 JavaThread "Java indexing"              daemon [_thread_blocked, id=8772, stack(0x000000925a000000,0x000000925a100000) (1024K)]
  0x000001ebf1416630 JavaThread "Worker-2: Initialize Workspace"        [_thread_blocked, id=1436, stack(0x000000925a100000,0x000000925a200000) (1024K)]
  0x000001ebf1417350 JavaThread "Worker-3"                          [_thread_blocked, id=1876, stack(0x000000925a200000,0x000000925a300000) (1024K)]
  0x000001ebf1415910 JavaThread "Worker-4: Initialize workspace"        [_thread_blocked, id=8576, stack(0x000000925a500000,0x000000925a600000) (1024K)]
  0x000001ebf1415fa0 JavaThread "Thread-1"                   daemon [_thread_in_native, id=6092, stack(0x000000925a600000,0x000000925a700000) (1024K)]
  0x000001ebf274eb50 JavaThread "Thread-2"                   daemon [_thread_in_native, id=3404, stack(0x000000925a700000,0x000000925a800000) (1024K)]
  0x000001ebf2750590 JavaThread "Thread-3"                   daemon [_thread_in_native, id=13344, stack(0x000000925a800000,0x000000925a900000) (1024K)]
  0x000001ebf2752cf0 JavaThread "Thread-4"                   daemon [_thread_in_native, id=676, stack(0x000000925a900000,0x000000925aa00000) (1024K)]
  0x000001ebf274d110 JavaThread "Thread-5"                   daemon [_thread_in_native, id=12372, stack(0x000000925aa00000,0x000000925ab00000) (1024K)]
  0x000001ebf2751fd0 JavaThread "pool-2-thread-1"                   [_thread_blocked, id=1628, stack(0x000000925ab00000,0x000000925ac00000) (1024K)]
  0x000001ebf274d7a0 JavaThread "WorkspaceEventsHandler"            [_thread_blocked, id=6228, stack(0x000000925ac00000,0x000000925ad00000) (1024K)]
  0x000001ebf27512b0 JavaThread "pool-1-thread-1"                   [_thread_in_Java, id=10156, stack(0x000000925ad00000,0x000000925ae00000) (1024K)]
  0x000001ebf2752660 JavaThread "ForkJoinPool.commonPool-worker-1" daemon [_thread_blocked, id=13652, stack(0x000000925ae00000,0x000000925af00000) (1024K)]
  0x000001ebf27540a0 JavaThread "ForkJoinPool.commonPool-worker-2" daemon [_thread_blocked, id=13636, stack(0x000000925af00000,0x000000925b000000) (1024K)]
  0x000001ebf2750c20 JavaThread "ForkJoinPool.commonPool-worker-3" daemon [_thread_blocked, id=9952, stack(0x000000925b000000,0x000000925b100000) (1024K)]
=>0x000001ebf3bb43e0 JavaThread "C2 CompilerThread1"         daemon [_thread_in_native, id=11220, stack(0x0000009259f00000,0x000000925a000000) (1024K)]
Total: 37

Other Threads:
  0x000001eb939811a0 VMThread "VM Thread"                           [id=13648, stack(0x0000009258700000,0x0000009258800000) (1024K)]
  0x000001ebaa25c3e0 WatcherThread "VM Periodic Task Thread"        [id=13692, stack(0x0000009258600000,0x0000009258700000) (1024K)]
  0x000001eb938e1bd0 WorkerThread "GC Thread#0"                     [id=13640, stack(0x0000009258500000,0x0000009258600000) (1024K)]
  0x000001ebf024b7a0 WorkerThread "GC Thread#1"                     [id=960, stack(0x0000009259300000,0x0000009259400000) (1024K)]
  0x000001ebf024bb50 WorkerThread "GC Thread#2"                     [id=12724, stack(0x0000009259400000,0x0000009259500000) (1024K)]
  0x000001ebf024bf00 WorkerThread "GC Thread#3"                     [id=3596, stack(0x0000009259500000,0x0000009259600000) (1024K)]
Total: 6

Threads with active compile tasks:
C2 CompilerThread0  16642 7044       4       jdk.internal.jimage.ImageStringsReader::stringFromByteBuffer (73 bytes)
C1 CompilerThread0  16642 7069       3       jdk.internal.jimage.ImageReader$Directory::create (21 bytes)
C2 CompilerThread1  16642 6842   !   4       com.google.inject.spi.InjectionPoint::getInjectionPoints (489 bytes)
Total: 3

VM state: not at safepoint (normal execution)

VM Mutex/Monitor currently owned by a thread: None

Heap address: 0x0000000080000000, size: 2048 MB, Compressed Oops mode: 32-bit

CDS archive(s) mapped at: [0x000001ebab000000-0x000001ebabba0000-0x000001ebabba0000), size 12189696, SharedBaseAddress: 0x000001ebab000000, ArchiveRelocationMode: 1.
Compressed class space mapped at: 0x000001ebac000000-0x000001ebec000000, reserved size: 1073741824
Narrow klass base: 0x000001ebab000000, Narrow klass shift: 0, Narrow klass range: 0x100000000

GC Precious Log:
 CardTable entry size: 512
 CPUs: 4 total, 4 available
 Memory: 16303M
 Large Page Support: Disabled
 NUMA Support: Disabled
 Compressed Oops: Enabled (32-bit)
 Alignments: Space 512K, Generation 512K, Heap 2M
 Heap Min Capacity: 100M
 Heap Initial Capacity: 100M
 Heap Max Capacity: 2G
 Pre-touch: Disabled
 Parallel Workers: 4

Heap:
 PSYoungGen      total 12800K, used 5669K [0x00000000d5580000, 0x00000000d6a00000, 0x0000000100000000)
  eden space 12288K, 42% used [0x00000000d5580000,0x00000000d5a8f088,0x00000000d6180000)
  from space 512K, 95% used [0x00000000d6980000,0x00000000d69fa458,0x00000000d6a00000)
  to   space 1536K, 0% used [0x00000000d6700000,0x00000000d6700000,0x00000000d6880000)
 ParOldGen       total 68608K, used 34460K [0x0000000080000000, 0x0000000084300000, 0x00000000d5580000)
  object space 68608K, 50% used [0x0000000080000000,0x00000000821a7228,0x0000000084300000)
 Metaspace       used 48707K, committed 50112K, reserved 1114112K
  class space    used 5280K, committed 5888K, reserved 1048576K

Card table byte_map: [0x000001eb932a0000,0x000001eb936b0000] _byte_map_base: 0x000001eb92ea0000

Marking Bits: (ParMarkBitMap*) 0x00007ff8d7993450
 Begin Bits: [0x000001eba5d80000, 0x000001eba7d80000)
 End Bits:   [0x000001eba7d80000, 0x000001eba9d80000)

Polling page: 0x000001eb93090000

Metaspace:

Usage:
  Non-class:     42.41 MB used.
      Class:      5.16 MB used.
       Both:     47.57 MB used.

Virtual space:
  Non-class space:       64.00 MB reserved,      43.19 MB ( 67%) committed,  1 nodes.
      Class space:        1.00 GB reserved,       5.75 MB ( <1%) committed,  1 nodes.
             Both:        1.06 GB reserved,      48.94 MB (  4%) committed. 

Chunk freelists:
   Non-Class:  4.33 MB
       Class:  10.10 MB
        Both:  14.43 MB

MaxMetaspaceSize: unlimited
CompressedClassSpaceSize: 1.00 GB
Initial GC threshold: 21.00 MB
Current GC threshold: 58.38 MB
CDS: on
 - commit_granule_bytes: 65536.
 - commit_granule_words: 8192.
 - virtual_space_node_default_size: 8388608.
 - enlarge_chunks_in_place: 1.
 - use_allocation_guard: 0.


Internal statistics:

num_allocs_failed_limit: 6.
num_arena_births: 1010.
num_arena_deaths: 14.
num_vsnodes_births: 2.
num_vsnodes_deaths: 0.
num_space_committed: 783.
num_space_uncommitted: 0.
num_chunks_returned_to_freelist: 20.
num_chunks_taken_from_freelist: 3269.
num_chunk_merges: 9.
num_chunk_splits: 2006.
num_chunks_enlarged: 1121.
num_inconsistent_stats: 0.

CodeHeap 'non-profiled nmethods': size=120000Kb used=3575Kb max_used=3575Kb free=116424Kb
 bounds [0x000001eb9e5a0000, 0x000001eb9e920000, 0x000001eba5ad0000]
CodeHeap 'profiled nmethods': size=120000Kb used=13897Kb max_used=13897Kb free=106102Kb
 bounds [0x000001eb96ad0000, 0x000001eb97870000, 0x000001eb9e000000]
CodeHeap 'non-nmethods': size=5760Kb used=1373Kb max_used=1435Kb free=4386Kb
 bounds [0x000001eb9e000000, 0x000001eb9e270000, 0x000001eb9e5a0000]
CodeCache: size=245760Kb, used=18845Kb, max_used=18907Kb, free=226912Kb
 total_blobs=7169, nmethods=6494, adapters=581, full_count=0
Compilation: enabled, stopped_count=0, restarted_count=0

Compilation events (20 events):
Event: 16.484 Thread 0x000001ebaa3291a0 nmethod 6958 0x000001eb9781d910 code [0x000001eb9781dac0, 0x000001eb9781dd58]
Event: 16.484 Thread 0x000001ebaa3291a0 6957       1       java.security.DrbgParameters$NextBytes::getPredictionResistance (5 bytes)
Event: 16.484 Thread 0x000001ebaa3291a0 nmethod 6957 0x000001eb9e916e10 code [0x000001eb9e916fa0, 0x000001eb9e917070]
Event: 16.486 Thread 0x000001ebaa3291a0 6959       3       java.lang.ThreadLocal::setInitialValue (64 bytes)
Event: 16.487 Thread 0x000001ebaa3291a0 nmethod 6959 0x000001eb9781de90 code [0x000001eb9781e0e0, 0x000001eb9781eb58]
Event: 16.488 Thread 0x000001ebaa3291a0 6960       3       java.lang.ThreadLocal$ThreadLocalMap::cleanSomeSlots (61 bytes)
Event: 16.488 Thread 0x000001ebaa3291a0 nmethod 6960 0x000001eb9781ee10 code [0x000001eb9781f000, 0x000001eb9781f500]
Event: 16.491 Thread 0x000001ebaa3291a0 6961       1       sun.nio.ch.Iocp$CompletionStatus::completionKey (5 bytes)
Event: 16.491 Thread 0x000001ebaa3291a0 nmethod 6961 0x000001eb9e917110 code [0x000001eb9e9172a0, 0x000001eb9e917368]
Event: 16.491 Thread 0x000001ebaa3291a0 6962       3       com.google.gson.stream.JsonWriter::newline (55 bytes)
Event: 16.491 Thread 0x000001ebaa3291a0 nmethod 6962 0x000001eb9781f710 code [0x000001eb9781f900, 0x000001eb9781fd38]
Event: 16.493 Thread 0x000001ebaa3291a0 6963       3       java.util.concurrent.locks.AbstractQueuedSynchronizer$Node::<init> (5 bytes)
Event: 16.493 Thread 0x000001ebaa3291a0 nmethod 6963 0x000001eb9781ff10 code [0x000001eb978200c0, 0x000001eb97820228]
Event: 16.495 Thread 0x000001ebaa3291a0 6964       3       com.google.gson.internal.bind.ReflectiveTypeAdapterFactory$BoundField::<init> (23 bytes)
Event: 16.495 Thread 0x000001ebaa2bae30 6967       4       java.lang.invoke.DirectMethodHandle::preparedFieldLambdaForm (48 bytes)
Event: 16.495 Thread 0x000001ebaa3291a0 nmethod 6964 0x000001eb97820310 code [0x000001eb978204c0, 0x000001eb97820690]
Event: 16.495 Thread 0x000001ebaa3291a0 6966       3       com.google.gson.internal.bind.ReflectiveTypeAdapterFactory$2::<init> (48 bytes)
Event: 16.495 Thread 0x000001ebaa3291a0 nmethod 6966 0x000001eb97820790 code [0x000001eb97820940, 0x000001eb97820be0]
Event: 16.495 Thread 0x000001ebaa3291a0 6965       3       com.google.gson.FieldNamingPolicy$1::translateName (5 bytes)
Event: 16.495 Thread 0x000001ebaa3291a0 nmethod 6965 0x000001eb97820d10 code [0x000001eb97820ea0, 0x000001eb97820fd0]

GC Heap History (20 events):
Event: 11.301 GC heap before
{Heap before GC invocations=14 (full 1):
 PSYoungGen      total 24064K, used 15275K [0x00000000d5580000, 0x00000000d7200000, 0x0000000100000000)
  eden space 22016K, 60% used [0x00000000d5580000,0x00000000d62982b0,0x00000000d6b00000)
  from space 2048K, 91% used [0x00000000d7000000,0x00000000d71d29c8,0x00000000d7200000)
  to   space 2048K, 0% used [0x00000000d6e00000,0x00000000d6e00000,0x00000000d7000000)
 ParOldGen       total 68608K, used 18552K [0x0000000080000000, 0x0000000084300000, 0x00000000d5580000)
  object space 68608K, 27% used [0x0000000080000000,0x000000008121e2a0,0x0000000084300000)
 Metaspace       used 34702K, committed 35840K, reserved 1114112K
  class space    used 3608K, committed 4096K, reserved 1048576K
}
Event: 11.303 GC heap after
{Heap after GC invocations=14 (full 1):
 PSYoungGen      total 22528K, used 368K [0x00000000d5580000, 0x00000000d7080000, 0x0000000100000000)
  eden space 22016K, 0% used [0x00000000d5580000,0x00000000d5580000,0x00000000d6b00000)
  from space 512K, 71% used [0x00000000d6e00000,0x00000000d6e5c010,0x00000000d6e80000)
  to   space 1024K, 0% used [0x00000000d6f80000,0x00000000d6f80000,0x00000000d7080000)
 ParOldGen       total 68608K, used 20214K [0x0000000080000000, 0x0000000084300000, 0x00000000d5580000)
  object space 68608K, 29% used [0x0000000080000000,0x00000000813bd958,0x0000000084300000)
 Metaspace       used 34702K, committed 35840K, reserved 1114112K
  class space    used 3608K, committed 4096K, reserved 1048576K
}
Event: 11.303 GC heap before
{Heap before GC invocations=15 (full 2):
 PSYoungGen      total 22528K, used 368K [0x00000000d5580000, 0x00000000d7080000, 0x0000000100000000)
  eden space 22016K, 0% used [0x00000000d5580000,0x00000000d5580000,0x00000000d6b00000)
  from space 512K, 71% used [0x00000000d6e00000,0x00000000d6e5c010,0x00000000d6e80000)
  to   space 1024K, 0% used [0x00000000d6f80000,0x00000000d6f80000,0x00000000d7080000)
 ParOldGen       total 68608K, used 20214K [0x0000000080000000, 0x0000000084300000, 0x00000000d5580000)
  object space 68608K, 29% used [0x0000000080000000,0x00000000813bd958,0x0000000084300000)
 Metaspace       used 34702K, committed 35840K, reserved 1114112K
  class space    used 3608K, committed 4096K, reserved 1048576K
}
Event: 11.355 GC heap after
{Heap after GC invocations=15 (full 2):
 PSYoungGen      total 22528K, used 0K [0x00000000d5580000, 0x00000000d7080000, 0x0000000100000000)
  eden space 22016K, 0% used [0x00000000d5580000,0x00000000d5580000,0x00000000d6b00000)
  from space 512K, 0% used [0x00000000d6e00000,0x00000000d6e00000,0x00000000d6e80000)
  to   space 1024K, 0% used [0x00000000d6f80000,0x00000000d6f80000,0x00000000d7080000)
 ParOldGen       total 68608K, used 19725K [0x0000000080000000, 0x0000000084300000, 0x00000000d5580000)
  object space 68608K, 28% used [0x0000000080000000,0x0000000081343448,0x0000000084300000)
 Metaspace       used 34702K, committed 35840K, reserved 1114112K
  class space    used 3608K, committed 4096K, reserved 1048576K
}
Event: 11.762 GC heap before
{Heap before GC invocations=16 (full 2):
 PSYoungGen      total 22528K, used 22002K [0x00000000d5580000, 0x00000000d7080000, 0x0000000100000000)
  eden space 22016K, 99% used [0x00000000d5580000,0x00000000d6afcb18,0x00000000d6b00000)
  from space 512K, 0% used [0x00000000d6e00000,0x00000000d6e00000,0x00000000d6e80000)
  to   space 1024K, 0% used [0x00000000d6f80000,0x00000000d6f80000,0x00000000d7080000)
 ParOldGen       total 68608K, used 19725K [0x0000000080000000, 0x0000000084300000, 0x00000000d5580000)
  object space 68608K, 28% used [0x0000000080000000,0x0000000081343448,0x0000000084300000)
 Metaspace       used 36955K, committed 38144K, reserved 1114112K
  class space    used 3885K, committed 4416K, reserved 1048576K
}
Event: 11.764 GC heap after
{Heap after GC invocations=16 (full 2):
 PSYoungGen      total 23040K, used 981K [0x00000000d5580000, 0x00000000d7080000, 0x0000000100000000)
  eden space 22016K, 0% used [0x00000000d5580000,0x00000000d5580000,0x00000000d6b00000)
  from space 1024K, 95% used [0x00000000d6f80000,0x00000000d7075788,0x00000000d7080000)
  to   space 1536K, 0% used [0x00000000d6d80000,0x00000000d6d80000,0x00000000d6f00000)
 ParOldGen       total 68608K, used 19733K [0x0000000080000000, 0x0000000084300000, 0x00000000d5580000)
  object space 68608K, 28% used [0x0000000080000000,0x0000000081345448,0x0000000084300000)
 Metaspace       used 36955K, committed 38144K, reserved 1114112K
  class space    used 3885K, committed 4416K, reserved 1048576K
}
Event: 12.345 GC heap before
{Heap before GC invocations=17 (full 2):
 PSYoungGen      total 23040K, used 22997K [0x00000000d5580000, 0x00000000d7080000, 0x0000000100000000)
  eden space 22016K, 100% used [0x00000000d5580000,0x00000000d6b00000,0x00000000d6b00000)
  from space 1024K, 95% used [0x00000000d6f80000,0x00000000d7075788,0x00000000d7080000)
  to   space 1536K, 0% used [0x00000000d6d80000,0x00000000d6d80000,0x00000000d6f00000)
 ParOldGen       total 68608K, used 19733K [0x0000000080000000, 0x0000000084300000, 0x00000000d5580000)
  object space 68608K, 28% used [0x0000000080000000,0x0000000081345448,0x0000000084300000)
 Metaspace       used 38795K, committed 40064K, reserved 1114112K
  class space    used 4105K, committed 4672K, reserved 1048576K
}
Event: 12.349 GC heap after
{Heap after GC invocations=17 (full 2):
 PSYoungGen      total 23552K, used 1296K [0x00000000d5580000, 0x00000000d7000000, 0x0000000100000000)
  eden space 22016K, 0% used [0x00000000d5580000,0x00000000d5580000,0x00000000d6b00000)
  from space 1536K, 84% used [0x00000000d6d80000,0x00000000d6ec4010,0x00000000d6f00000)
  to   space 1024K, 0% used [0x00000000d6f00000,0x00000000d6f00000,0x00000000d7000000)
 ParOldGen       total 68608K, used 20433K [0x0000000080000000, 0x0000000084300000, 0x00000000d5580000)
  object space 68608K, 29% used [0x0000000080000000,0x00000000813f4730,0x0000000084300000)
 Metaspace       used 38795K, committed 40064K, reserved 1114112K
  class space    used 4105K, committed 4672K, reserved 1048576K
}
Event: 13.284 GC heap before
{Heap before GC invocations=18 (full 2):
 PSYoungGen      total 23552K, used 23312K [0x00000000d5580000, 0x00000000d7000000, 0x0000000100000000)
  eden space 22016K, 100% used [0x00000000d5580000,0x00000000d6b00000,0x00000000d6b00000)
  from space 1536K, 84% used [0x00000000d6d80000,0x00000000d6ec4010,0x00000000d6f00000)
  to   space 1024K, 0% used [0x00000000d6f00000,0x00000000d6f00000,0x00000000d7000000)
 ParOldGen       total 68608K, used 20433K [0x0000000080000000, 0x0000000084300000, 0x00000000d5580000)
  object space 68608K, 29% used [0x0000000080000000,0x00000000813f4730,0x0000000084300000)
 Metaspace       used 41141K, committed 42368K, reserved 1114112K
  class space    used 4392K, committed 4928K, reserved 1048576K
}
Event: 13.290 GC heap after
{Heap after GC invocations=18 (full 2):
 PSYoungGen      total 23040K, used 1019K [0x00000000d5580000, 0x00000000d7000000, 0x0000000100000000)
  eden space 22016K, 0% used [0x00000000d5580000,0x00000000d5580000,0x00000000d6b00000)
  from space 1024K, 99% used [0x00000000d6f00000,0x00000000d6ffec40,0x00000000d7000000)
  to   space 2560K, 0% used [0x00000000d6b00000,0x00000000d6b00000,0x00000000d6d80000)
 ParOldGen       total 68608K, used 21634K [0x0000000080000000, 0x0000000084300000, 0x00000000d5580000)
  object space 68608K, 31% used [0x0000000080000000,0x0000000081520b30,0x0000000084300000)
 Metaspace       used 41141K, committed 42368K, reserved 1114112K
  class space    used 4392K, committed 4928K, reserved 1048576K
}
Event: 13.928 GC heap before
{Heap before GC invocations=19 (full 2):
 PSYoungGen      total 23040K, used 23035K [0x00000000d5580000, 0x00000000d7000000, 0x0000000100000000)
  eden space 22016K, 100% used [0x00000000d5580000,0x00000000d6b00000,0x00000000d6b00000)
  from space 1024K, 99% used [0x00000000d6f00000,0x00000000d6ffec40,0x00000000d7000000)
  to   space 2560K, 0% used [0x00000000d6b00000,0x00000000d6b00000,0x00000000d6d80000)
 ParOldGen       total 68608K, used 21634K [0x0000000080000000, 0x0000000084300000, 0x00000000d5580000)
  object space 68608K, 31% used [0x0000000080000000,0x0000000081520b30,0x0000000084300000)
 Metaspace       used 43508K, committed 44800K, reserved 1114112K
  class space    used 4681K, committed 5248K, reserved 1048576K
}
Event: 13.932 GC heap after
{Heap after GC invocations=19 (full 2):
 PSYoungGen      total 24576K, used 1888K [0x00000000d5580000, 0x00000000d6f80000, 0x0000000100000000)
  eden space 22016K, 0% used [0x00000000d5580000,0x00000000d5580000,0x00000000d6b00000)
  from space 2560K, 73% used [0x00000000d6b00000,0x00000000d6cd8000,0x00000000d6d80000)
  to   space 2048K, 0% used [0x00000000d6d80000,0x00000000d6d80000,0x00000000d6f80000)
 ParOldGen       total 68608K, used 22546K [0x0000000080000000, 0x0000000084300000, 0x00000000d5580000)
  object space 68608K, 32% used [0x0000000080000000,0x0000000081604b30,0x0000000084300000)
 Metaspace       used 43508K, committed 44800K, reserved 1114112K
  class space    used 4681K, committed 5248K, reserved 1048576K
}
Event: 14.595 GC heap before
{Heap before GC invocations=20 (full 2):
 PSYoungGen      total 24576K, used 23904K [0x00000000d5580000, 0x00000000d6f80000, 0x0000000100000000)
  eden space 22016K, 100% used [0x00000000d5580000,0x00000000d6b00000,0x00000000d6b00000)
  from space 2560K, 73% used [0x00000000d6b00000,0x00000000d6cd8000,0x00000000d6d80000)
  to   space 2048K, 0% used [0x00000000d6d80000,0x00000000d6d80000,0x00000000d6f80000)
 ParOldGen       total 68608K, used 22546K [0x0000000080000000, 0x0000000084300000, 0x00000000d5580000)
  object space 68608K, 32% used [0x0000000080000000,0x0000000081604b30,0x0000000084300000)
 Metaspace       used 44698K, committed 45952K, reserved 1114112K
  class space    used 4856K, committed 5440K, reserved 1048576K
}
Event: 14.608 GC heap after
{Heap after GC invocations=20 (full 2):
 PSYoungGen      total 14336K, used 2020K [0x00000000d5580000, 0x00000000d8300000, 0x0000000100000000)
  eden space 12288K, 0% used [0x00000000d5580000,0x00000000d5580000,0x00000000d6180000)
  from space 2048K, 98% used [0x00000000d6d80000,0x00000000d6f79170,0x00000000d6f80000)
  to   space 12288K, 0% used [0x00000000d6180000,0x00000000d6180000,0x00000000d6d80000)
 ParOldGen       total 68608K, used 30862K [0x0000000080000000, 0x0000000084300000, 0x00000000d5580000)
  object space 68608K, 44% used [0x0000000080000000,0x0000000081e23b30,0x0000000084300000)
 Metaspace       used 44698K, committed 45952K, reserved 1114112K
  class space    used 4856K, committed 5440K, reserved 1048576K
}
Event: 15.092 GC heap before
{Heap before GC invocations=21 (full 2):
 PSYoungGen      total 14336K, used 14308K [0x00000000d5580000, 0x00000000d8300000, 0x0000000100000000)
  eden space 12288K, 100% used [0x00000000d5580000,0x00000000d6180000,0x00000000d6180000)
  from space 2048K, 98% used [0x00000000d6d80000,0x00000000d6f79170,0x00000000d6f80000)
  to   space 12288K, 0% used [0x00000000d6180000,0x00000000d6180000,0x00000000d6d80000)
 ParOldGen       total 68608K, used 30862K [0x0000000080000000, 0x0000000084300000, 0x00000000d5580000)
  object space 68608K, 44% used [0x0000000080000000,0x0000000081e23b30,0x0000000084300000)
 Metaspace       used 45840K, committed 47104K, reserved 1114112K
  class space    used 4987K, committed 5568K, reserved 1048576K
}
Event: 15.098 GC heap after
{Heap after GC invocations=21 (full 2):
 PSYoungGen      total 13312K, used 672K [0x00000000d5580000, 0x00000000d6e00000, 0x0000000100000000)
  eden space 12288K, 0% used [0x00000000d5580000,0x00000000d5580000,0x00000000d6180000)
  from space 1024K, 65% used [0x00000000d6180000,0x00000000d6228000,0x00000000d6280000)
  to   space 4608K, 0% used [0x00000000d6980000,0x00000000d6980000,0x00000000d6e00000)
 ParOldGen       total 68608K, used 32863K [0x0000000080000000, 0x0000000084300000, 0x00000000d5580000)
  object space 68608K, 47% used [0x0000000080000000,0x0000000082017d20,0x0000000084300000)
 Metaspace       used 45840K, committed 47104K, reserved 1114112K
  class space    used 4987K, committed 5568K, reserved 1048576K
}
Event: 15.754 GC heap before
{Heap before GC invocations=22 (full 2):
 PSYoungGen      total 13312K, used 12959K [0x00000000d5580000, 0x00000000d6e00000, 0x0000000100000000)
  eden space 12288K, 99% used [0x00000000d5580000,0x00000000d617ffb0,0x00000000d6180000)
  from space 1024K, 65% used [0x00000000d6180000,0x00000000d6228000,0x00000000d6280000)
  to   space 4608K, 0% used [0x00000000d6980000,0x00000000d6980000,0x00000000d6e00000)
 ParOldGen       total 68608K, used 32863K [0x0000000080000000, 0x0000000084300000, 0x00000000d5580000)
  object space 68608K, 47% used [0x0000000080000000,0x0000000082017d20,0x0000000084300000)
 Metaspace       used 47011K, committed 48256K, reserved 1114112K
  class space    used 5111K, committed 5632K, reserved 1048576K
}
Event: 15.758 GC heap after
{Heap after GC invocations=22 (full 2):
 PSYoungGen      total 13312K, used 603K [0x00000000d5580000, 0x00000000d6a80000, 0x0000000100000000)
  eden space 12288K, 0% used [0x00000000d5580000,0x00000000d5580000,0x00000000d6180000)
  from space 1024K, 58% used [0x00000000d6980000,0x00000000d6a16ea8,0x00000000d6a80000)
  to   space 1536K, 0% used [0x00000000d6780000,0x00000000d6780000,0x00000000d6900000)
 ParOldGen       total 68608K, used 33407K [0x0000000080000000, 0x0000000084300000, 0x00000000d5580000)
  object space 68608K, 48% used [0x0000000080000000,0x000000008209fd20,0x0000000084300000)
 Metaspace       used 47011K, committed 48256K, reserved 1114112K
  class space    used 5111K, committed 5632K, reserved 1048576K
}
Event: 16.240 GC heap before
{Heap before GC invocations=23 (full 2):
 PSYoungGen      total 13312K, used 12891K [0x00000000d5580000, 0x00000000d6a80000, 0x0000000100000000)
  eden space 12288K, 100% used [0x00000000d5580000,0x00000000d6180000,0x00000000d6180000)
  from space 1024K, 58% used [0x00000000d6980000,0x00000000d6a16ea8,0x00000000d6a80000)
  to   space 1536K, 0% used [0x00000000d6780000,0x00000000d6780000,0x00000000d6900000)
 ParOldGen       total 68608K, used 33407K [0x0000000080000000, 0x0000000084300000, 0x00000000d5580000)
  object space 68608K, 48% used [0x0000000080000000,0x000000008209fd20,0x0000000084300000)
 Metaspace       used 47089K, committed 48320K, reserved 1114112K
  class space    used 5119K, committed 5632K, reserved 1048576K
}
Event: 16.242 GC heap after
{Heap after GC invocations=23 (full 2):
 PSYoungGen      total 13824K, used 320K [0x00000000d5580000, 0x00000000d6a00000, 0x0000000100000000)
  eden space 12288K, 0% used [0x00000000d5580000,0x00000000d5580000,0x00000000d6180000)
  from space 1536K, 20% used [0x00000000d6780000,0x00000000d67d0000,0x00000000d6900000)
  to   space 512K, 0% used [0x00000000d6980000,0x00000000d6980000,0x00000000d6a00000)
 ParOldGen       total 68608K, used 33945K [0x0000000080000000, 0x0000000084300000, 0x00000000d5580000)
  object space 68608K, 49% used [0x0000000080000000,0x00000000821265c0,0x0000000084300000)
 Metaspace       used 47089K, committed 48320K, reserved 1114112K
  class space    used 5119K, committed 5632K, reserved 1048576K
}

Dll operation events (10 events):
Event: 0.030 Loaded shared library c:\Users\Mateus\.vscode\extensions\redhat.java-1.53.0-win32-x64\jre\21.0.10-win32-x86_64\bin\java.dll
Event: 0.473 Loaded shared library c:\Users\Mateus\.vscode\extensions\redhat.java-1.53.0-win32-x64\jre\21.0.10-win32-x86_64\bin\zip.dll
Event: 0.499 Loaded shared library C:\Users\Mateus\.vscode\extensions\redhat.java-1.53.0-win32-x64\jre\21.0.10-win32-x86_64\bin\instrument.dll
Event: 0.548 Loaded shared library C:\Users\Mateus\.vscode\extensions\redhat.java-1.53.0-win32-x64\jre\21.0.10-win32-x86_64\bin\net.dll
Event: 0.552 Loaded shared library C:\Users\Mateus\.vscode\extensions\redhat.java-1.53.0-win32-x64\jre\21.0.10-win32-x86_64\bin\nio.dll
Event: 0.557 Loaded shared library C:\Users\Mateus\.vscode\extensions\redhat.java-1.53.0-win32-x64\jre\21.0.10-win32-x86_64\bin\zip.dll
Event: 0.654 Loaded shared library C:\Users\Mateus\.vscode\extensions\redhat.java-1.53.0-win32-x64\jre\21.0.10-win32-x86_64\bin\jimage.dll
Event: 0.956 Loaded shared library c:\Users\Mateus\.vscode\extensions\redhat.java-1.53.0-win32-x64\jre\21.0.10-win32-x86_64\bin\verify.dll
Event: 5.311 Loaded shared library C:\Users\Mateus\AppData\Roaming\Code\User\globalStorage\redhat.java\1.53.0\config_win\org.eclipse.equinox.launcher\org.eclipse.equinox.launcher.win32.win32.x86_64_1.3.0.v20260203-2149\eclipse_11919.dll
Event: 7.978 Loaded shared library C:\Users\Mateus\AppData\Local\Temp\jna--1997384573\jna3578815335524738070.dll

Deoptimization events (20 events):
Event: 16.292 Thread 0x000001ebf1416630 Uncommon trap: trap_request=0xffffffc6 fr.pc=0x000001eb9e8a39d0 relative=0x0000000000000090
Event: 16.292 Thread 0x000001ebf1416630 Uncommon trap: reason=bimorphic_or_optimized_type_check action=maybe_recompile pc=0x000001eb9e8a39d0 method=com.google.inject.internal.LinkedBindingImpl.acceptTargetVisitor(Lcom/google/inject/spi/BindingTargetVisitor;)Ljava/lang/Object; @ 2 c2
Event: 16.292 Thread 0x000001ebf1416630 DEOPT PACKING pc=0x000001eb9e8a39d0 sp=0x000000925a1fe4a0
Event: 16.292 Thread 0x000001ebf1416630 DEOPT UNPACKING pc=0x000001eb9e053aa2 sp=0x000000925a1fe428 mode 2
Event: 16.292 Thread 0x000001ebf1416630 Uncommon trap: trap_request=0xffffffc6 fr.pc=0x000001eb9e8a39d0 relative=0x0000000000000090
Event: 16.292 Thread 0x000001ebf1416630 Uncommon trap: reason=bimorphic_or_optimized_type_check action=maybe_recompile pc=0x000001eb9e8a39d0 method=com.google.inject.internal.LinkedBindingImpl.acceptTargetVisitor(Lcom/google/inject/spi/BindingTargetVisitor;)Ljava/lang/Object; @ 2 c2
Event: 16.292 Thread 0x000001ebf1416630 DEOPT PACKING pc=0x000001eb9e8a39d0 sp=0x000000925a1fe4a0
Event: 16.292 Thread 0x000001ebf1416630 DEOPT UNPACKING pc=0x000001eb9e053aa2 sp=0x000000925a1fe428 mode 2
Event: 16.423 Thread 0x000001ebf1416630 Uncommon trap: trap_request=0xffffff45 fr.pc=0x000001eb9e6a991c relative=0x00000000000012dc
Event: 16.423 Thread 0x000001ebf1416630 Uncommon trap: reason=unstable_if action=reinterpret pc=0x000001eb9e6a991c method=java.lang.String.<init>(Ljava/nio/charset/Charset;[BII)V @ 97 c2
Event: 16.423 Thread 0x000001ebf1416630 DEOPT PACKING pc=0x000001eb9e6a991c sp=0x000000925a1fe6e0
Event: 16.423 Thread 0x000001ebf1416630 DEOPT UNPACKING pc=0x000001eb9e053aa2 sp=0x000000925a1fe680 mode 2
Event: 16.439 Thread 0x000001ebf1416630 Uncommon trap: trap_request=0xffffff45 fr.pc=0x000001eb9e8e6b54 relative=0x00000000000003f4
Event: 16.440 Thread 0x000001ebf1416630 Uncommon trap: reason=unstable_if action=reinterpret pc=0x000001eb9e8e6b54 method=java.util.regex.Pattern.newSlice([IIZ)Ljava/util/regex/Pattern$Node; @ 10 c2
Event: 16.440 Thread 0x000001ebf1416630 DEOPT PACKING pc=0x000001eb9e8e6b54 sp=0x000000925a1fe7d0
Event: 16.440 Thread 0x000001ebf1416630 DEOPT UNPACKING pc=0x000001eb9e053aa2 sp=0x000000925a1fe780 mode 2
Event: 16.440 Thread 0x000001ebf1416630 Uncommon trap: trap_request=0xffffff45 fr.pc=0x000001eb9e8d32c8 relative=0x00000000000000a8
Event: 16.440 Thread 0x000001ebf1416630 Uncommon trap: reason=unstable_if action=reinterpret pc=0x000001eb9e8d32c8 method=java.util.regex.Pattern.append(II)V @ 9 c2
Event: 16.440 Thread 0x000001ebf1416630 DEOPT PACKING pc=0x000001eb9e8d32c8 sp=0x000000925a1fe7f0
Event: 16.440 Thread 0x000001ebf1416630 DEOPT UNPACKING pc=0x000001eb9e053aa2 sp=0x000000925a1fe798 mode 2

Classes loaded (20 events):
Event: 15.417 Loading class java/nio/file/Files$3
Event: 15.417 Loading class java/nio/file/Files$3 done
Event: 15.418 Loading class sun/nio/fs/Globs
Event: 15.418 Loading class sun/nio/fs/Globs done
Event: 15.418 Loading class java/util/regex/Pattern$SliceU
Event: 15.418 Loading class java/util/regex/Pattern$SliceU done
Event: 15.418 Loading class sun/nio/fs/WindowsFileSystem$2
Event: 15.418 Loading class java/nio/file/PathMatcher
Event: 15.418 Loading class java/nio/file/PathMatcher done
Event: 15.418 Loading class sun/nio/fs/WindowsFileSystem$2 done
Event: 15.420 Loading class java/nio/file/FileVisitResult
Event: 15.420 Loading class java/nio/file/FileVisitResult done
Event: 16.439 Loading class java/util/regex/PatternSyntaxException
Event: 16.439 Loading class java/util/regex/PatternSyntaxException done
Event: 16.473 Loading class java/util/Collections$SynchronizedRandomAccessList
Event: 16.473 Loading class java/util/Collections$SynchronizedList
Event: 16.473 Loading class java/util/Collections$SynchronizedList done
Event: 16.474 Loading class java/util/Collections$SynchronizedRandomAccessList done
Event: 16.488 Loading class java/util/concurrent/CompletableFuture$Signaller
Event: 16.488 Loading class java/util/concurrent/CompletableFuture$Signaller done

Classes unloaded (7 events):
Event: 9.017 Thread 0x000001eb939811a0 Unloading class 0x000001ebac1a5400 'java/lang/invoke/LambdaForm$MH+0x000001ebac1a5400'
Event: 9.017 Thread 0x000001eb939811a0 Unloading class 0x000001ebac1a5000 'java/lang/invoke/LambdaForm$MH+0x000001ebac1a5000'
Event: 9.017 Thread 0x000001eb939811a0 Unloading class 0x000001ebac1a4c00 'java/lang/invoke/LambdaForm$MH+0x000001ebac1a4c00'
Event: 9.017 Thread 0x000001eb939811a0 Unloading class 0x000001ebac1a4800 'java/lang/invoke/LambdaForm$MH+0x000001ebac1a4800'
Event: 9.017 Thread 0x000001eb939811a0 Unloading class 0x000001ebac1a4400 'java/lang/invoke/LambdaForm$BMH+0x000001ebac1a4400'
Event: 9.017 Thread 0x000001eb939811a0 Unloading class 0x000001ebac1a4000 'java/lang/invoke/LambdaForm$DMH+0x000001ebac1a4000'
Event: 9.017 Thread 0x000001eb939811a0 Unloading class 0x000001ebac1a2c00 'java/lang/invoke/LambdaForm$DMH+0x000001ebac1a2c00'

Classes redefined (0 events):
No events

Internal exceptions (20 events):
Event: 16.047 Thread 0x000001ebf1416630 Exception <a 'sun/nio/fs/WindowsException'{0x00000000d5871828}> (0x00000000d5871828) 
thrown [s\src\hotspot\share\prims\jni.cpp, line 520]
Event: 16.047 Thread 0x000001ebf1416630 Exception <a 'sun/nio/fs/WindowsException'{0x00000000d5871f38}> (0x00000000d5871f38) 
thrown [s\src\hotspot\share\prims\jni.cpp, line 520]
Event: 16.048 Thread 0x000001ebf1416630 Exception <a 'sun/nio/fs/WindowsException'{0x00000000d5872648}> (0x00000000d5872648) 
thrown [s\src\hotspot\share\prims\jni.cpp, line 520]
Event: 16.048 Thread 0x000001ebf1416630 Exception <a 'sun/nio/fs/WindowsException'{0x00000000d5872d70}> (0x00000000d5872d70) 
thrown [s\src\hotspot\share\prims\jni.cpp, line 520]
Event: 16.050 Thread 0x000001ebf1416630 Exception <a 'sun/nio/fs/WindowsException'{0x00000000d5876dc8}> (0x00000000d5876dc8) 
thrown [s\src\hotspot\share\prims\jni.cpp, line 520]
Event: 16.050 Thread 0x000001ebf1416630 Exception <a 'sun/nio/fs/WindowsException'{0x00000000d58774e8}> (0x00000000d58774e8) 
thrown [s\src\hotspot\share\prims\jni.cpp, line 520]
Event: 16.050 Thread 0x000001ebf1416630 Exception <a 'sun/nio/fs/WindowsException'{0x00000000d5877c08}> (0x00000000d5877c08) 
thrown [s\src\hotspot\share\prims\jni.cpp, line 520]
Event: 16.050 Thread 0x000001ebf1416630 Exception <a 'sun/nio/fs/WindowsException'{0x00000000d5878348}> (0x00000000d5878348) 
thrown [s\src\hotspot\share\prims\jni.cpp, line 520]
Event: 16.051 Thread 0x000001ebf1416630 Exception <a 'sun/nio/fs/WindowsException'{0x00000000d587c020}> (0x00000000d587c020) 
thrown [s\src\hotspot\share\prims\jni.cpp, line 520]
Event: 16.051 Thread 0x000001ebf1416630 Exception <a 'sun/nio/fs/WindowsException'{0x00000000d587c680}> (0x00000000d587c680) 
thrown [s\src\hotspot\share\prims\jni.cpp, line 520]
Event: 16.051 Thread 0x000001ebf1416630 Exception <a 'sun/nio/fs/WindowsException'{0x00000000d587cce0}> (0x00000000d587cce0) 
thrown [s\src\hotspot\share\prims\jni.cpp, line 520]
Event: 16.052 Thread 0x000001ebf1416630 Exception <a 'sun/nio/fs/WindowsException'{0x00000000d587d360}> (0x00000000d587d360) 
thrown [s\src\hotspot\share\prims\jni.cpp, line 520]
Event: 16.053 Thread 0x000001ebf1416630 Exception <a 'sun/nio/fs/WindowsException'{0x00000000d5880e78}> (0x00000000d5880e78) 
thrown [s\src\hotspot\share\prims\jni.cpp, line 520]
Event: 16.053 Thread 0x000001ebf1416630 Exception <a 'sun/nio/fs/WindowsException'{0x00000000d58814e0}> (0x00000000d58814e0) 
thrown [s\src\hotspot\share\prims\jni.cpp, line 520]
Event: 16.053 Thread 0x000001ebf1416630 Exception <a 'sun/nio/fs/WindowsException'{0x00000000d5881b58}> (0x00000000d5881b58) 
thrown [s\src\hotspot\share\prims\jni.cpp, line 520]
Event: 16.053 Thread 0x000001ebf1416630 Exception <a 'sun/nio/fs/WindowsException'{0x00000000d58821e0}> (0x00000000d58821e0) 
thrown [s\src\hotspot\share\prims\jni.cpp, line 520]
Event: 16.054 Thread 0x000001ebf1416630 Exception <a 'sun/nio/fs/WindowsException'{0x00000000d58859f8}> (0x00000000d58859f8) 
thrown [s\src\hotspot\share\prims\jni.cpp, line 520]
Event: 16.054 Thread 0x000001ebf1416630 Exception <a 'sun/nio/fs/WindowsException'{0x00000000d5886080}> (0x00000000d5886080) 
thrown [s\src\hotspot\share\prims\jni.cpp, line 520]
Event: 16.054 Thread 0x000001ebf1416630 Exception <a 'sun/nio/fs/WindowsException'{0x00000000d5886710}> (0x00000000d5886710) 
thrown [s\src\hotspot\share\prims\jni.cpp, line 520]
Event: 16.054 Thread 0x000001ebf1416630 Exception <a 'sun/nio/fs/WindowsException'{0x00000000d5886db0}> (0x00000000d5886db0) 
thrown [s\src\hotspot\share\prims\jni.cpp, line 520]

ZGC Phase Switch (0 events):
No events

VM Operations (20 events):
Event: 12.848 Executing non-safepoint VM operation: HandshakeAllThreads (Deoptimize)
Event: 12.848 Executing non-safepoint VM operation: HandshakeAllThreads (Deoptimize) done
Event: 13.274 Executing safepoint VM operation: ParallelGCFailedAllocation (Allocation Failure)
Event: 13.290 Executing safepoint VM operation: ParallelGCFailedAllocation (Allocation Failure) done
Event: 13.876 Executing non-safepoint VM operation: HandshakeAllThreads (Deoptimize)
Event: 13.876 Executing non-safepoint VM operation: HandshakeAllThreads (Deoptimize) done
Event: 13.928 Executing safepoint VM operation: ParallelGCFailedAllocation (Allocation Failure)
Event: 13.932 Executing safepoint VM operation: ParallelGCFailedAllocation (Allocation Failure) done
Event: 14.146 Executing non-safepoint VM operation: HandshakeAllThreads (Deoptimize)
Event: 14.147 Executing non-safepoint VM operation: HandshakeAllThreads (Deoptimize) done
Event: 14.595 Executing safepoint VM operation: ParallelGCFailedAllocation (Allocation Failure)
Event: 14.608 Executing safepoint VM operation: ParallelGCFailedAllocation (Allocation Failure) done
Event: 15.092 Executing safepoint VM operation: ParallelGCFailedAllocation (Allocation Failure)
Event: 15.098 Executing safepoint VM operation: ParallelGCFailedAllocation (Allocation Failure) done
Event: 15.754 Executing safepoint VM operation: ParallelGCFailedAllocation (Allocation Failure)
Event: 15.758 Executing safepoint VM operation: ParallelGCFailedAllocation (Allocation Failure) done
Event: 16.240 Executing safepoint VM operation: ParallelGCFailedAllocation (Allocation Failure)
Event: 16.243 Executing safepoint VM operation: ParallelGCFailedAllocation (Allocation Failure) done
Event: 16.436 Executing non-safepoint VM operation: HandshakeAllThreads (Deoptimize)
Event: 16.436 Executing non-safepoint VM operation: HandshakeAllThreads (Deoptimize) done

Memory protections (0 events):
No events

Nmethod flushes (20 events):
Event: 11.325 Thread 0x000001eb939811a0 flushing  nmethod 0x000001eb970c2610
Event: 11.325 Thread 0x000001eb939811a0 flushing  nmethod 0x000001eb970ff490
Event: 11.325 Thread 0x000001eb939811a0 flushing  nmethod 0x000001eb97131d10
Event: 11.325 Thread 0x000001eb939811a0 flushing  nmethod 0x000001eb97132110
Event: 11.325 Thread 0x000001eb939811a0 flushing  nmethod 0x000001eb97132a10
Event: 11.325 Thread 0x000001eb939811a0 flushing  nmethod 0x000001eb97133c10
Event: 11.325 Thread 0x000001eb939811a0 flushing  nmethod 0x000001eb97134410
Event: 11.325 Thread 0x000001eb939811a0 flushing  nmethod 0x000001eb97136c90
Event: 11.325 Thread 0x000001eb939811a0 flushing  nmethod 0x000001eb97137190
Event: 11.325 Thread 0x000001eb939811a0 flushing  nmethod 0x000001eb97139690
Event: 11.325 Thread 0x000001eb939811a0 flushing  nmethod 0x000001eb97139b10
Event: 11.325 Thread 0x000001eb939811a0 flushing  nmethod 0x000001eb9713a010
Event: 11.325 Thread 0x000001eb939811a0 flushing  nmethod 0x000001eb9718bb90
Event: 11.325 Thread 0x000001eb939811a0 flushing  nmethod 0x000001eb9718de90
Event: 11.325 Thread 0x000001eb939811a0 flushing  nmethod 0x000001eb97196b10
Event: 11.325 Thread 0x000001eb939811a0 flushing  nmethod 0x000001eb971d8d90
Event: 11.325 Thread 0x000001eb939811a0 flushing  nmethod 0x000001eb971f2590
Event: 11.325 Thread 0x000001eb939811a0 flushing  nmethod 0x000001eb97207010
Event: 11.325 Thread 0x000001eb939811a0 flushing  nmethod 0x000001eb9724fe90
Event: 11.325 Thread 0x000001eb939811a0 flushing  nmethod 0x000001eb97250310

Events (20 events):
Event: 8.058 Thread 0x000001ebf0929420 Thread added: 0x000001ebf1414560
Event: 8.088 Thread 0x000001ebf0929420 Thread added: 0x000001ebf1413ed0
Event: 8.215 Thread 0x000001ebaa3291a0 Thread added: 0x000001ebf03aaef0
Event: 10.221 Thread 0x000001ebf0929420 Thread added: 0x000001ebf1416cc0
Event: 10.256 Thread 0x000001ebf1413ed0 Thread added: 0x000001ebf1416630
Event: 10.448 Thread 0x000001ebf1414560 Thread added: 0x000001ebf1417350
Event: 11.142 Thread 0x000001ebf1416630 Thread added: 0x000001ebf1415910
Event: 11.558 Thread 0x000001eb938c2be0 Thread added: 0x000001ebf1415fa0
Event: 11.558 Thread 0x000001eb938c2be0 Thread added: 0x000001ebf274eb50
Event: 11.558 Thread 0x000001eb938c2be0 Thread added: 0x000001ebf2750590
Event: 11.558 Thread 0x000001eb938c2be0 Thread added: 0x000001ebf2752cf0
Event: 11.558 Thread 0x000001eb938c2be0 Thread added: 0x000001ebf274d110
Event: 11.584 Thread 0x000001eb938c2be0 Thread added: 0x000001ebf2751fd0
Event: 11.939 Thread 0x000001eb938c2be0 Thread added: 0x000001ebf274d7a0
Event: 11.939 Thread 0x000001eb938c2be0 Thread added: 0x000001ebf27512b0
Event: 13.945 Thread 0x000001ebf1414560 Thread added: 0x000001ebf2752660
Event: 13.945 Thread 0x000001ebf1414560 Thread added: 0x000001ebf27540a0
Event: 13.971 Thread 0x000001ebf2752660 Thread added: 0x000001ebf2750c20
Event: 16.034 Thread 0x000001ebf03aaef0 Thread exited: 0x000001ebf03aaef0
Event: 16.089 Thread 0x000001ebaa3291a0 Thread added: 0x000001ebf3bb43e0


Dynamic libraries:
0x00007ff629210000 - 0x00007ff62921e000 	c:\Users\Mateus\.vscode\extensions\redhat.java-1.53.0-win32-x64\jre\21.0.10-win32-x86_64\bin\java.exe
0x00007ff94af70000 - 0x00007ff94b168000 	C:\Windows\SYSTEM32\ntdll.dll
0x00007ff94a110000 - 0x00007ff94a1d2000 	C:\Windows\System32\KERNEL32.DLL
0x00007ff948c90000 - 0x00007ff948f86000 	C:\Windows\System32\KERNELBASE.dll
0x00007ff9488b0000 - 0x00007ff9489b0000 	C:\Windows\System32\ucrtbase.dll
0x00007ff934520000 - 0x00007ff934538000 	c:\Users\Mateus\.vscode\extensions\redhat.java-1.53.0-win32-x64\jre\21.0.10-win32-x86_64\bin\jli.dll
0x00007ff94a450000 - 0x00007ff94a5f1000 	C:\Windows\System32\USER32.dll
0x00007ff948880000 - 0x00007ff9488a2000 	C:\Windows\System32\win32u.dll
0x00007ff94a080000 - 0x00007ff94a0ab000 	C:\Windows\System32\GDI32.dll
0x00007ff948b40000 - 0x00007ff948c59000 	C:\Windows\System32\gdi32full.dll
0x00007ff948680000 - 0x00007ff94871d000 	C:\Windows\System32\msvcp_win.dll
0x00007ff933c10000 - 0x00007ff933c2e000 	c:\Users\Mateus\.vscode\extensions\redhat.java-1.53.0-win32-x64\jre\21.0.10-win32-x86_64\bin\VCRUNTIME140.dll
0x00007ff947a90000 - 0x00007ff947d2b000 	C:\Windows\WinSxS\amd64_microsoft.windows.common-controls_6595b64144ccf1df_6.0.19041.6456_none_60b8a6cb71f64256\COMCTL32.dll
0x00007ff949fd0000 - 0x00007ff94a06e000 	C:\Windows\System32\msvcrt.dll
0x00007ff94a420000 - 0x00007ff94a44f000 	C:\Windows\System32\IMM32.DLL
0x00007ff943b70000 - 0x00007ff943b7c000 	c:\Users\Mateus\.vscode\extensions\redhat.java-1.53.0-win32-x64\jre\21.0.10-win32-x86_64\bin\vcruntime140_1.dll
0x00007ff918380000 - 0x00007ff91840d000 	c:\Users\Mateus\.vscode\extensions\redhat.java-1.53.0-win32-x64\jre\21.0.10-win32-x86_64\bin\msvcp140.dll
0x00007ff8d6cd0000 - 0x00007ff8d7a71000 	c:\Users\Mateus\.vscode\extensions\redhat.java-1.53.0-win32-x64\jre\21.0.10-win32-x86_64\bin\server\jvm.dll
0x00007ff949700000 - 0x00007ff9497b1000 	C:\Windows\System32\ADVAPI32.dll
0x00007ff94ad20000 - 0x00007ff94adbf000 	C:\Windows\System32\sechost.dll
0x00007ff949880000 - 0x00007ff9499a0000 	C:\Windows\System32\RPCRT4.dll
0x00007ff948c60000 - 0x00007ff948c87000 	C:\Windows\System32\bcrypt.dll
0x00007ff949a30000 - 0x00007ff949a9b000 	C:\Windows\System32\WS2_32.dll
0x00007ff9483b0000 - 0x00007ff9483fb000 	C:\Windows\SYSTEM32\POWRPROF.dll
0x00007ff92de30000 - 0x00007ff92de57000 	C:\Windows\SYSTEM32\WINMM.dll
0x00007ff944f10000 - 0x00007ff944f1a000 	C:\Windows\SYSTEM32\VERSION.dll
0x00007ff948320000 - 0x00007ff948332000 	C:\Windows\SYSTEM32\UMPDC.dll
0x00007ff945720000 - 0x00007ff945732000 	C:\Windows\SYSTEM32\kernel.appcore.dll
0x00007ff934510000 - 0x00007ff93451a000 	c:\Users\Mateus\.vscode\extensions\redhat.java-1.53.0-win32-x64\jre\21.0.10-win32-x86_64\bin\jimage.dll
0x00007ff947f40000 - 0x00007ff948141000 	C:\Windows\SYSTEM32\DBGHELP.DLL
0x00007ff947f00000 - 0x00007ff947f34000 	C:\Windows\SYSTEM32\dbgcore.DLL
0x00007ff948ab0000 - 0x00007ff948b32000 	C:\Windows\System32\bcryptPrimitives.dll
0x00007ff9339c0000 - 0x00007ff9339cf000 	c:\Users\Mateus\.vscode\extensions\redhat.java-1.53.0-win32-x64\jre\21.0.10-win32-x86_64\bin\instrument.dll
0x00007ff9315c0000 - 0x00007ff9315e0000 	c:\Users\Mateus\.vscode\extensions\redhat.java-1.53.0-win32-x64\jre\21.0.10-win32-x86_64\bin\java.dll
0x00007ff948f90000 - 0x00007ff949700000 	C:\Windows\System32\SHELL32.dll
0x00007ff945fb0000 - 0x00007ff946755000 	C:\Windows\SYSTEM32\windows.storage.dll
0x00007ff94a890000 - 0x00007ff94abe4000 	C:\Windows\System32\combase.dll
0x00007ff9477b0000 - 0x00007ff9477db000 	C:\Windows\SYSTEM32\Wldp.dll
0x00007ff94adc0000 - 0x00007ff94ae8d000 	C:\Windows\System32\OLEAUT32.dll
0x00007ff9497d0000 - 0x00007ff94987d000 	C:\Windows\System32\SHCORE.dll
0x00007ff94a0b0000 - 0x00007ff94a10b000 	C:\Windows\System32\shlwapi.dll
0x00007ff948530000 - 0x00007ff948554000 	C:\Windows\SYSTEM32\profapi.dll
0x00007ff9453f0000 - 0x00007ff945408000 	c:\Users\Mateus\.vscode\extensions\redhat.java-1.53.0-win32-x64\jre\21.0.10-win32-x86_64\bin\zip.dll
0x00007ff9453e0000 - 0x00007ff9453f0000 	C:\Users\Mateus\.vscode\extensions\redhat.java-1.53.0-win32-x64\jre\21.0.10-win32-x86_64\bin\net.dll
0x00007ff940920000 - 0x00007ff940a2a000 	C:\Windows\SYSTEM32\WINHTTP.dll
0x00007ff947590000 - 0x00007ff9475fa000 	C:\Windows\system32\mswsock.dll
0x00007ff940260000 - 0x00007ff940276000 	C:\Users\Mateus\.vscode\extensions\redhat.java-1.53.0-win32-x64\jre\21.0.10-win32-x86_64\bin\nio.dll
0x00007ff9453d0000 - 0x00007ff9453e0000 	c:\Users\Mateus\.vscode\extensions\redhat.java-1.53.0-win32-x64\jre\21.0.10-win32-x86_64\bin\verify.dll
0x00007ff916a90000 - 0x00007ff916ad5000 	C:\Users\Mateus\AppData\Roaming\Code\User\globalStorage\redhat.java\1.53.0\config_win\org.eclipse.equinox.launcher\org.eclipse.equinox.launcher.win32.win32.x86_64_1.3.0.v20260203-2149\eclipse_11919.dll
0x00007ff94abf0000 - 0x00007ff94ad1b000 	C:\Windows\System32\ole32.dll
0x00007ff948300000 - 0x00007ff948318000 	C:\Windows\SYSTEM32\CRYPTSP.dll
0x00007ff946f30000 - 0x00007ff946f68000 	C:\Windows\system32\rsaenh.dll
0x00007ff9484b0000 - 0x00007ff9484de000 	C:\Windows\SYSTEM32\USERENV.dll
0x00007ff947720000 - 0x00007ff94772c000 	C:\Windows\SYSTEM32\CRYPTBASE.dll
0x00007ff947290000 - 0x00007ff9472cb000 	C:\Windows\SYSTEM32\IPHLPAPI.DLL
0x00007ff9497c0000 - 0x00007ff9497c8000 	C:\Windows\System32\NSI.dll
0x00007ff916a40000 - 0x00007ff916a89000 	C:\Users\Mateus\AppData\Local\Temp\jna--1997384573\jna3578815335524738070.dll
0x00007ff94a070000 - 0x00007ff94a078000 	C:\Windows\System32\PSAPI.DLL
0x00007ff941d00000 - 0x00007ff941d17000 	C:\Windows\SYSTEM32\dhcpcsvc6.DLL
0x00007ff941ce0000 - 0x00007ff941cfd000 	C:\Windows\SYSTEM32\dhcpcsvc.DLL

JVMTI agents:
c:\Users\Mateus\.vscode\extensions\redhat.java-1.53.0-win32-x64\lombok\lombok-1.18.39-4050.jar path:c:\Users\Mateus\.vscode\extensions\redhat.java-1.53.0-win32-x64\jre\21.0.10-win32-x86_64\bin\instrument.dll, loaded, initialized, instrumentlib options:none

dbghelp: loaded successfully - version: 4.0.5 - missing functions: none
symbol engine: initialized successfully - sym options: 0x614 - pdb path: .;c:\Users\Mateus\.vscode\extensions\redhat.java-1.53.0-win32-x64\jre\21.0.10-win32-x86_64\bin;C:\Windows\SYSTEM32;C:\Windows\WinSxS\amd64_microsoft.windows.common-controls_6595b64144ccf1df_6.0.19041.6456_none_60b8a6cb71f64256;c:\Users\Mateus\.vscode\extensions\redhat.java-1.53.0-win32-x64\jre\21.0.10-win32-x86_64\bin\server;C:\Users\Mateus\AppData\Roaming\Code\User\globalStorage\redhat.java\1.53.0\config_win\org.eclipse.equinox.launcher\org.eclipse.equinox.launcher.win32.win32.x86_64_1.3.0.v20260203-2149;C:\Users\Mateus\AppData\Local\Temp\jna--1997384573

VM Arguments:
jvm_args: --add-modules=ALL-SYSTEM --add-opens=java.base/java.util=ALL-UNNAMED --add-opens=java.base/java.lang=ALL-UNNAMED --add-opens=java.base/sun.nio.fs=ALL-UNNAMED -Declipse.application=org.eclipse.jdt.ls.core.id1 -Dosgi.bundles.defaultStartLevel=4 -Declipse.product=org.eclipse.jdt.ls.core.product -Djava.import.generatesMetadataFilesAtProjectRoot=false -DDetectVMInstallationsJob.disabled=true -Dfile.encoding=utf8 -XX:+UseParallelGC -XX:GCTimeRatio=4 -XX:AdaptiveSizePolicyWeight=90 -Dsun.zip.disableMemoryMapping=true -Xmx2G -Xms100m -Xlog:disable -javaagent:c:\Users\Mateus\.vscode\extensions\redhat.java-1.53.0-win32-x64\lombok\lombok-1.18.39-4050.jar -XX:+HeapDumpOnOutOfMemoryError -XX:HeapDumpPath=c:\Users\Mateus\AppData\Roaming\Code\User\workspaceStorage\21eab87e705ca807c8202dc0d9293a93\redhat.java -Daether.dependencyCollector.impl=bf 
java_command: c:\Users\Mateus\.vscode\extensions\redhat.java-1.53.0-win32-x64\server\plugins\org.eclipse.equinox.launcher_1.7.100.v20251111-0406.jar -configuration c:\Users\Mateus\AppData\Roaming\Code\User\globalStorage\redhat.java\1.53.0\config_win -data c:\Users\Mateus\AppData\Roaming\Code\User\workspaceStorage\21eab87e705ca807c8202dc0d9293a93\redhat.java\jdt_ws --pipe=\\.\pipe\lsp-c807f61beb086dbed61233a13b8b7e42-sock
java_class_path (initial): c:\Users\Mateus\.vscode\extensions\redhat.java-1.53.0-win32-x64\server\plugins\org.eclipse.equinox.launcher_1.7.100.v20251111-0406.jar
Launcher Type: SUN_STANDARD

[Global flags]
    uintx AdaptiveSizePolicyWeight                 = 90                                        {product} {command line}
     intx CICompilerCount                          = 3                                         {product} {ergonomic}
    uintx GCTimeRatio                              = 4                                         {product} {command line}
     bool HeapDumpOnOutOfMemoryError               = true                                   {manageable} {command line}
    ccstr HeapDumpPath                             = c:\Users\Mateus\AppData\Roaming\Code\User\workspaceStorage\21eab87e705ca807c8202dc0d9293a93\redhat.java         {manageable} {command line}
   size_t InitialHeapSize                          = 104857600                                 {product} {command line}
   size_t MaxHeapSize                              = 2147483648                                {product} {command line}
   size_t MaxNewSize                               = 715653120                                 {product} {ergonomic}
   size_t MinHeapDeltaBytes                        = 524288                                    {product} {ergonomic}
   size_t MinHeapSize                              = 104857600                                 {product} {command line}
   size_t NewSize                                  = 34603008                                  {product} {ergonomic}
    uintx NonNMethodCodeHeapSize                   = 5832780                                {pd product} {ergonomic}
    uintx NonProfiledCodeHeapSize                  = 122912730                              {pd product} {ergonomic}
   size_t OldSize                                  = 70254592                                  {product} {ergonomic}
    uintx ProfiledCodeHeapSize                     = 122912730                              {pd product} {ergonomic}
    uintx ReservedCodeCacheSize                    = 251658240                              {pd product} {ergonomic}
     bool SegmentedCodeCache                       = true                                      {product} {ergonomic}
   size_t SoftMaxHeapSize                          = 2147483648                             {manageable} {ergonomic}
     bool UseCompressedOops                        = true                           {product lp64_product} {ergonomic}
     bool UseLargePagesIndividualAllocation        = false                                  {pd product} {ergonomic}
     bool UseParallelGC                            = true                                      {product} {command line}

Logging:
Log output configuration:
 #0: stdout all=off uptime,level,tags foldmultilines=false
 #1: stderr all=off uptime,level,tags foldmultilines=false

Release file:
JAVA_VERSION="21.0.10" 
MODULES="java.base java.compiler java.datatransfer java.xml java.prefs java.desktop java.instrument java.logging java.management java.security.sasl java.naming java.rmi java.management.rmi java.net.http java.scripting java.security.jgss java.transaction.xa java.sql java.sql.rowset java.xml.crypto java.se java.smartcardio jdk.accessibility jdk.internal.jvmstat jdk.attach jdk.charsets jdk.internal.opt jdk.zipfs jdk.compiler jdk.crypto.ec jdk.crypto.cryptoki jdk.crypto.mscapi jdk.dynalink jdk.internal.ed jdk.editpad jdk.hotspot.agent jdk.httpserver jdk.internal.le jdk.internal.vm.ci jdk.internal.vm.compiler jdk.internal.vm.compiler.management jdk.jartool jdk.javadoc jdk.jcmd jdk.management jdk.management.agent jdk.jconsole jdk.jdeps jdk.jdwp.agent jdk.jdi jdk.jfr jdk.jshell jdk.jsobject jdk.jstatd jdk.localedata jdk.management.jfr jdk.naming.dns jdk.naming.rmi jdk.net jdk.nio.mapmode jdk.random jdk.sctp jdk.security.auth jdk.security.jgss jdk.unsupported jdk.unsupported.desktop jdk.xml.dom" 

Environment Variables:
JAVA_HOME=C:\Java\jdk-25.0.1
PATH=C:\Users\Mateus\AppData\Local\Programs\Microsoft VS Code;C:\Python314\Scripts\;C:\Python314\;C:\w64devkit\bin;C:\Java\jdk-25.0.1\bin;C:\Windows\system32;C:\Windows;C:\Windows\System32\Wbem;C:\Windows\System32\WindowsPowerShell\v1.0\;C:\Windows\System32\OpenSSH\;C:\apache-maven-3.9.6\bin;C:\gradle-7.6.4\bin;C:\chromedriver;C:\ProgramData\chocolatey\bin;C:\Program Files\Amazon\AWSCLIV2\;C:\Program Files\MySQL\MySQL Server 8.4\bin;C:\sqlite-tools-win-x64-3460000;C:\Users\Mateus\go\bin;C:\Apache24\bin;C:\protoc-27.3-win64\bin;C:\Users\Mateus\AppData\Local\Packages\PythonSoftwareFoundation.Python.3.12_qbz5n2kfra8p0\LocalCache\local-packages\Python312\Scripts;C:\migrate.windows-amd64;C:\sqlc_1.27.0;C:\Program Files\Git\cmd;C:\Program Files\Kubernetes\Minikube;C:\kubectl;C:\zig;C:\Program Files\dotnet\;C:\go\bin;C:\Users\Mateus\AppData\Local\nvm;C:\nvm4w\nodejs;C:\Program Files (x86)\Google\Cloud SDK\google-cloud-sdk\bin;C:\Program Files\Docker\Docker\resources\bin;C:\Users\Mateus\.jbang\bin;C:\Users\Mateus\.cargo\bin;C:\Users\Mateus\AppData\Local\Microsoft\WindowsApps;C:\Program Files\JetBrains\PyCharm Community Edition 2023.3.3\bin;C:\Program Files\JetBrains\IntelliJ IDEA Community Edition 2023.3.3\bin;C:\Users\Mateus\AppData\Local\Programs\Microsoft VS Code\bin;C:\w64devkit\bin;C:\Users\Mateus\go\bin;C:\Users\Mateus\AppData\Roaming\npm;C:\Users\Mateus\AppData\Local\nvm;C:\nvm4w\nodejs;C:\Users\Mateus\AppData\Local\Programs\Zed\bin;C:\Users\Mateus\AppData\Local\Programs\Antigravity\bin
USERNAME=Mateus
OS=Windows_NT
PROCESSOR_IDENTIFIER=Intel64 Family 6 Model 60 Stepping 3, GenuineIntel
TMP=C:\Users\Mateus\AppData\Local\Temp
TEMP=C:\Users\Mateus\AppData\Local\Temp




Periodic native trim disabled

---------------  S Y S T E M  ---------------

OS:
 Windows 10 , 64 bit Build 19041 (10.0.19041.5915)
OS uptime: 0 days 0:08 hours
Hyper-V role detected

CPU: total 4 (initial active 4) (4 cores per cpu, 1 threads per core) family 6 model 60 stepping 3 microcode 0x27, cx8, cmov, fxsr, mmx, sse, sse2, sse3, ssse3, sse4.1, sse4.2, popcnt, lzcnt, tsc, tscinvbit, avx, avx2, aes, erms, clmul, bmi1, bmi2, fma, vzeroupper, clflush, hv, rdtscp, f16c
Processor Information for the first 4 processors :
  Max Mhz: 3201, Current Mhz: 3201, Mhz Limit: 3201

Memory: 4k page, system-wide physical 16303M (10164M free)
TotalPageFile size 18735M (AvailPageFile size 12231M)
current process WorkingSet (physical memory assigned to process): 214M, peak: 227M
current process commit charge ("private bytes"): 314M, peak: 343M

vm_info: OpenJDK 64-Bit Server VM (21.0.10+7-LTS) for windows-amd64 JRE (21.0.10+7-LTS), built on 2026-01-20T00:00:00Z by "admin" with MS VC++ 17.12 (VS2022)

END.
